<?xml version="1.0" encoding="UTF-8"?>
<!-- Generated by org.testng.reporters.JUnitReportReporter -->
<testsuite hostname="RajasekharaReddy" failures="0" tests="1" name="Com.LearnAutomation.TestCases.TC_01_LoginPage" time="4.136" errors="0" timestamp="11 Jul 2020 14:10:08 GMT">
  <testcase classname="Com.LearnAutomation.TestCases.TC_01_LoginPage" name="loginpageApp" time="4.136"/>
</testsuite> <!-- Com.LearnAutomation.TestCases.TC_01_LoginPage -->
