<?xml version="1.0" encoding="UTF-8"?>
<!-- Generated by org.testng.reporters.JUnitReportReporter -->
<testsuite hostname="RajasekharaReddy" name="Com.LearnAutomation.TestCases.LoginTestDemoAutomation" tests="1" failures="0" timestamp="5 Jul 2020 11:54:42 GMT" time="3.513" errors="0">
  <testcase name="loginpageApp" time="3.513" classname="Com.LearnAutomation.TestCases.LoginTestDemoAutomation"/>
</testsuite> <!-- Com.LearnAutomation.TestCases.LoginTestDemoAutomation -->
