<?xml version="1.0" encoding="UTF-8"?>
<!-- Generated by org.testng.reporters.JUnitReportReporter -->
<testsuite hostname="RajasekharaReddy" name="Com.LearnAutomation.TestCases.LoginTestCRM" tests="1" failures="0" timestamp="5 Jul 2020 08:30:06 GMT" time="11.455" errors="0">
  <testcase name="loginpageApp" time="11.455" classname="Com.LearnAutomation.TestCases.LoginTestCRM"/>
</testsuite> <!-- Com.LearnAutomation.TestCases.LoginTestCRM -->
